<?xml version="1.0" encoding="UTF-8"?>
<testsuite xmlns:xsi="http://www.w3.org/2001/XMLSchema-instance" xsi:noNamespaceSchemaLocation="https://maven.apache.org/surefire/maven-surefire-plugin/xsd/surefire-test-report.xsd" version="3.0.2" name="com.gdxsoft.easyweb.define.bussinessXmlCreator.SqlValidatorTest" time="0.007" tests="6" errors="0" skipped="0" failures="0">
  <properties>
[...]
</properties>
  <testcase name="testExtractTableName_withJoin" classname="testExtractTableName_withJoin()" time="0.001"/>
  <testcase name="testExtractTableName_withWith" classname="testExtractTableName_withWith()" time="0.001"/>
  <testcase name="testCheckIsSelect" classname="testCheckIsSelect()" time="0.001"/>
  <testcase name="testCheckIsNotSelect" classname="testCheckIsNotSelect()" time="0.001"/>
  <testcase name="testExtractTableName_withSchema" classname="testExtractTableName_withSchema()" time="0.0"/>
  <testcase name="testExtractTableName_simple" classname="testExtractTableName_simple()" time="0.001"/>
</testsuite>