<?xml version="1.0" encoding="UTF-8"?>
<testsuite xmlns:xsi="http://www.w3.org/2001/XMLSchema-instance" xsi:noNamespaceSchemaLocation="https://maven.apache.org/surefire/maven-surefire-plugin/xsd/surefire-test-report.xsd" version="3.0.2" name="com.gdxsoft.easyweb.define.database.TableToJsonTest" time="0.257" tests="2" errors="0" skipped="0" failures="0">
  <properties>
[...]
</properties>
  <testcase name="testToJson_fromXml" classname="testToJson_fromXml()" time="0.005">
    <system-out><![CDATA[开始导入 SQL 文件：src/test/resources/sqls/demo_crm_hsql.sql
SQL 文件存在
SQL 文件导入成功：src/test/resources/sqls/demo_crm_hsql.sql, 执行了 8 条 SQL
CRM_COM 表数量：1
SQL 文件导入成功，连接保持打开
]]></system-out>
    <system-err><![CDATA[6月 27, 2026 4:01:39 下午 com.gdxsoft.easyweb.datasource.DataHelper createMyDatasourcesHikariCP
信息: Using HikariCP for config: demo
6月 27, 2026 4:01:39 下午 com.gdxsoft.easyweb.datasource.DataHelper createMyDatasourcesHikariCP
警告: Invalid maxActive value 'null', using default 40
6月 27, 2026 4:01:39 下午 com.gdxsoft.easyweb.datasource.DataHelper createMyDatasourcesHikariCP
警告: Invalid maxWait value 'null', using default 30 minutes for maxLifetime
6月 27, 2026 4:01:39 下午 com.gdxsoft.easyweb.datasource.DataHelper createMyDatasourcesHikariCP
信息: HikariCP DataSource 'DEMO' created successfully.
6月 27, 2026 4:01:39 下午 com.zaxxer.hikari.HikariDataSource getConnection
信息: HikariPool-1 - Starting...
6月 27, 2026 4:01:39 下午 com.zaxxer.hikari.pool.PoolBase getAndSetNetworkTimeout
信息: HikariPool-1 - Driver does not support get/set network timeout for connections. (feature not supported)
6月 27, 2026 4:01:39 下午 com.zaxxer.hikari.HikariDataSource getConnection
信息: HikariPool-1 - Start completed.
6月 27, 2026 4:01:39 下午 com.gdxsoft.easyweb.datasource.DataConnection executeUpdate
严重: Cannot invoke "com.gdxsoft.easyweb.script.RequestValue.getPageValues()" because "this._RequestValue" is null
6月 27, 2026 4:01:39 下午 com.gdxsoft.easyweb.datasource.DataConnection executeUpdate
严重: Cannot invoke "com.gdxsoft.easyweb.script.RequestValue.getPageValues()" because "this._RequestValue" is null
6月 27, 2026 4:01:39 下午 com.gdxsoft.easyweb.datasource.DataConnection executeUpdate
严重: Cannot invoke "com.gdxsoft.easyweb.script.RequestValue.getPageValues()" because "this._RequestValue" is null
6月 27, 2026 4:01:39 下午 com.gdxsoft.easyweb.datasource.DataConnection executeUpdate
严重: Cannot invoke "com.gdxsoft.easyweb.script.RequestValue.getPageValues()" because "this._RequestValue" is null
6月 27, 2026 4:01:39 下午 com.gdxsoft.easyweb.datasource.DataConnection executeUpdateNoParameter
严重: user lacks privilege or object not found: CRM_RECORD
6月 27, 2026 4:01:39 下午 com.gdxsoft.easyweb.datasource.DataConnection executeUpdateNoParameter
严重: INSERT INTO CRM_RECORD (CRM_RECORD_WAY,CRM_RECORD_CONTENT,CRM_CUS_ID,ADM_ID,SUP_ID,CRM_RECORD_TIME,CRM_RECORD_OB1,CRM_RECORD_OB2,CRM_RECORD_OB3,NEXT_TIME,CRM_RECORD_STATUS) VALUES
('CRM_RECORD_WAY1','国际传媒分公司',200006,35,3,'2011-11-30 00:00:00.000','昝致','','',NULL,'USED'),
('CRM_RECORD_WAY1','黄河制药美发有限责任公司',200007,35,3,'2011-11-30 00:00:00.000','邓星鹏','','',NULL,'USED'),
('CRM_RECORD_WAY1','华夏酒店中介院',200008,35,3,'1900-01-01 00:00:00.000','房士','','',NULL,'USED'),
('CRM_RECORD_WAY1','很多海淀区学校都有友好校，暑假寒假一般都去友好校交流！但是经学校同意，可以做游学！',200009,35,3,'1900-01-01 00:00:00.000','郭弘盛','','',NULL,'USED'),
('CRM_RECORD_WAY1','111',200662,19,3,'2012-03-05 16:15:26.427','1',NULL,NULL,'2012-03-13 16:15:00.000','USED'),
('CRM_RECORD_WAY5','通过QQ联系报价问题，由于同一个团报价第二次高于第一次，在qq上与Kendy达成一致，最终按第一次报价确认价格。',200661,456,3,'2013-11-07 17:48:08.410','供应商报价',NULL,NULL,NULL,'USED'),
('CRM_RECORD_WAY3','新增澳洲团组行程报价，已通过邮件发送给Kendy，周一回复',200661,456,3,'2013-11-08 14:49:21.693','新增澳洲团组行程报价',NULL,NULL,NULL,'USED'),
('CRM_RECORD_WAY5','通过qq联系向kendy发送团组名单并索要酒店信息及地接函',200661,456,3,'2013-11-12 12:04:01.867','提供酒店信息及地接函',NULL,NULL,NULL,'USED'),
('CRM_RECORD_WAY5','通过qq联系，咨询对方有关澳洲公务信息',308219,456,3,'2013-11-19 16:34:00.003','咨询澳洲公务',NULL,NULL,NULL,'USED'),
('CRM_RECORD_WAY5','通过qq跟kendy商量付款方式，最后确认可先付80%，另外20%可等回团后支付',200661,456,3,'2013-11-25 16:05:49.057','确认付款方式',NULL,NULL,NULL,'USED')
6月 27, 2026 4:01:39 下午 com.gdxsoft.easyweb.datasource.DataConnection executeUpdateNoParameter
严重: user lacks privilege or object not found: CRM_RECORD
6月 27, 2026 4:01:39 下午 com.gdxsoft.easyweb.datasource.DataConnection executeUpdateNoParameter
严重: INSERT INTO CRM_RECORD (CRM_RECORD_WAY,CRM_RECORD_CONTENT,CRM_CUS_ID,ADM_ID,SUP_ID,CRM_RECORD_TIME,CRM_RECORD_OB1,CRM_RECORD_OB2,CRM_RECORD_OB3,NEXT_TIME,CRM_RECORD_STATUS) VALUES
('CRM_RECORD_WAY1','西亚券商有限公司',311126,93,3,'2013-12-11 14:37:55.430','茹龙',NULL,NULL,NULL,'USED'),
('CRM_RECORD_WAY5','通过qq跟kendy确认付款时间，已跟kendy商量定为团组出发前14天付团款的80%',200661,456,3,'2013-12-17 17:35:57.213','跟kendy商量付款事宜',NULL,NULL,NULL,'USED'),
('CRM_RECORD_WAY1','让找留学中心，23259222  23280324',311299,93,3,'2013-12-19 15:01:24.830','敖秀',NULL,NULL,NULL,'USED'),
('CRM_RECORD_WAY1','云璐',200010,93,3,'2013-12-19 15:40:20.793','姬荷',NULL,NULL,NULL,'USED'),
('CRM_RECORD_WAY1','以前祁国斌联系过的，他们是ISIS Education&Travel，跟天津外国语大学合作的机构，网站：http://www.isischina.com。他们做英国的接待和营地，想让我们推他们的。美国的资源他们没有，有美国团可以给我们做。',311299,93,3,'2013-12-19 17:13:33.510','乌淑薇',NULL,NULL,NULL,'USED'),
('CRM_RECORD_WAY5','通过qq跟kendy联系，商量团组最终预定后的价格，最终达成一致，081，059团澳洲段地接价格均有减少',200661,456,3,'2014-01-03 14:48:24.857','团组价格问题',NULL,NULL,NULL,'USED'),
('CRM_RECORD_WAY1','介绍路嘉国际游学，不需要。',311756,440,3,'2014-01-10 09:52:14.683','路嘉国际游学',NULL,NULL,NULL,'USED'),
('CRM_RECORD_WAY2','123123',200662,19,3,'2014-07-14 19:26:54.870','123',NULL,NULL,NULL,'USED')
]]></system-err>
  </testcase>
  <testcase name="testToJson" classname="testToJson()" time="0.001"/>
</testsuite>