<?xml version="1.0" encoding="UTF-8"?>
<testsuite xmlns:xsi="http://www.w3.org/2001/XMLSchema-instance" xsi:noNamespaceSchemaLocation="https://maven.apache.org/surefire/maven-surefire-plugin/xsd/surefire-test-report.xsd" version="3.0.2" name="com.gdxsoft.easyweb.define.UpdateCfgXmlTest" time="0.269" tests="14" errors="0" skipped="0" failures="0">
  <properties>
[...]
</properties>
  <testcase name="testXmlParseable" classname="testXmlParseable()" time="0.03">
    <system-out><![CDATA[
======================================================================
  &amp#27;[32;1m准备测试环境&amp#27;[0m
======================================================================
测试目录: /var/folders/qc/18ckd6wn3c949_y7rbw9f6vr0000gn/T/update_cfg_test_11641033960561407222
测试 XML: /var/folders/qc/18ckd6wn3c949_y7rbw9f6vr0000gn/T/update_cfg_test_11641033960561407222/admin.xml
样本 XML 大小: 260881 bytes
复制后大小: 260881 bytes

======================================================================
  &amp#27;[32;1m0. 基础 XML 解析测试&amp#27;[0m
======================================================================
模板数量: 14
  [0] ADM_USER.Frame.ChangeMobile
  [1] ADM_USER.Frame.ChangePWD
  [2] ADM_USER.Frame.SysChangePwd
  [3] ADM_USER.PIC
  [4] ADM_USER.SIGN_PIC
  [5] ADM_USER.TakePhoto
  [6] Login.Robert-少参数
  [7] ADM_USER.F.login_old
  [8] ADM_USER.F.M_Must
  [9] EMAIL_SMTP_CFG.F.NM
  [10] ADM_USER.Frame.NewModify
  [11] ADM_USER.Lf.MultiByPhone
  [12] ADM_USER.F.loginSms
  [13] ADM_USER.F.login
]]></system-out>
  </testcase>
  <testcase name="testFindTargetItem" classname="testFindTargetItem()" time="0.016">
    <system-out><![CDATA[
======================================================================
  &amp#27;[32;1m0.1 查找目标模板&amp#27;[0m
======================================================================
找到模板: ADM_USER.Frame.ChangePWD
  ActionSet: 存在
  SqlSet: 存在
  XItems: 存在
  XItem 数量: 6
    [0] ADM_LID
    [1] ADM_NAME
    [2] ADM_PWD
    [3] adm_pwd1
    [4] butOk
    [5] butClose
  SqlSet 数量: 2
    [0] OnPageLoad SQL (query)
    [1] OnPagePost SQL (update)
]]></system-out>
  </testcase>
  <testcase name="testListXItems" classname="testListXItems()" time="0.008">
    <system-out><![CDATA[
======================================================================
  &amp#27;[32;1m1. listXItems 测试&amp#27;[0m
======================================================================
XItem 总数: 6
第一个 XItem: ADM_LID
  Tag: span
  中文描述: 登录名
]]></system-out>
  </testcase>
  <testcase name="testAddXItem" classname="testAddXItem()" time="0.035">
    <system-out><![CDATA[
======================================================================
  &amp#27;[32;1m2. 新增 XItem 测试&amp#27;[0m
======================================================================
新增 XItem 验证成功: TEST_XITEM_1782547299750
  Tag: text
  DataField: TEST_FIELD
  IsMustInput: 1
]]></system-out>
  </testcase>
  <testcase name="testModifyXItem" classname="testModifyXItem()" time="0.025">
    <system-out><![CDATA[
======================================================================
  &amp#27;[32;1m3. 修改 XItem 测试&amp#27;[0m
======================================================================
修改前: 测试字段
修改后: 修改后的测试字段
DataField 修改: TEST_FIELD -> MODIFIED_FIELD
]]></system-out>
  </testcase>
  <testcase name="testDeleteXItem" classname="testDeleteXItem()" time="0.02">
    <system-out><![CDATA[
======================================================================
  &amp#27;[32;1m4. 删除 XItem 测试&amp#27;[0m
======================================================================
已删除 XItem: TEST_XITEM_1782547299750
删除验证成功
]]></system-out>
  </testcase>
  <testcase name="testListSqlSets" classname="testListSqlSets()" time="0.008">
    <system-out><![CDATA[
======================================================================
  &amp#27;[32;1m5. listSqlSets 测试&amp#27;[0m
======================================================================
SqlSet 总数: 2
  [0] OnPageLoad SQL (type=query, trans=)
       SQL 预览: 
            SELECT adm_lid,adm_name FROM ADM_USER WHERE ADM_ID = @G_ADM_ID
    ...
  [1] OnPagePost SQL (type=update, trans=)
       SQL 预览: UPDATE ADM_USER SET 
	ADM_PWD = @ADM_PWD,
	ADM_mdate = @sys_date
WHERE ADM_ID = ...
]]></system-out>
  </testcase>
  <testcase name="testAddSqlSet" classname="testAddSqlSet()" time="0.021">
    <system-out><![CDATA[
======================================================================
  &amp#27;[32;1m6. 新增 SqlSet 测试&amp#27;[0m
======================================================================
新增 SqlSet 验证成功: TEST_SQL_1782547299751
]]></system-out>
  </testcase>
  <testcase name="testModifySqlSet" classname="testModifySqlSet()" time="0.018">
    <system-out><![CDATA[
======================================================================
  &amp#27;[32;1m7. 修改 SqlSet 测试&amp#27;[0m
======================================================================
修改 SqlSet 验证成功
]]></system-out>
  </testcase>
  <testcase name="testDeleteSqlSet" classname="testDeleteSqlSet()" time="0.018">
    <system-out><![CDATA[
======================================================================
  &amp#27;[32;1m8. 删除 SqlSet 测试&amp#27;[0m
======================================================================
已删除 SqlSet: TEST_SQL_1782547299751
删除验证成功
]]></system-out>
  </testcase>
  <testcase name="testAddScriptSet" classname="testAddScriptSet()" time="0.017">
    <system-out><![CDATA[
======================================================================
  &amp#27;[32;1m9. 新增 ScriptSet 测试&amp#27;[0m
======================================================================
新增 ScriptSet 验证成功: TEST_SCRIPT_1782547299752
]]></system-out>
  </testcase>
  <testcase name="testDeleteScriptSet" classname="testDeleteScriptSet()" time="0.016">
    <system-out><![CDATA[
======================================================================
  &amp#27;[32;1m9.1 删除 ScriptSet 测试&amp#27;[0m
======================================================================
删除 ScriptSet 验证成功
]]></system-out>
  </testcase>
  <testcase name="testMultiLineSqlCData" classname="testMultiLineSqlCData()" time="0.02">
    <system-out><![CDATA[
======================================================================
  &amp#27;[32;1m10. 多行 SQL CDATA 保持测试&amp#27;[0m
======================================================================
多行 SQL 内容:
---
-- 多语句测试
SELECT COUNT(1) AS cnt FROM DUAL;
SELECT 'step2' AS step;
UPDATE test SET col = 'val' WHERE id = 1;
---
]]></system-out>
  </testcase>
  <testcase name="testActionSetReferences" classname="testActionSetReferences()" time="0.005">
    <system-out><![CDATA[
======================================================================
  &amp#27;[32;1m11. ActionSet 引用关系测试&amp#27;[0m
======================================================================
SqlSet 名称列表: [OnPageLoad SQL, OnPagePost SQL]
Action: OnPageLoad
  -> OnPageLoad SQL (SqlSet)
Action: 
Action: OnPagePost
  -> OnPagePost SQL (SqlSet)
Action: 
]]></system-out>
  </testcase>
</testsuite>