<?xml version="1.0" encoding="UTF-8"?>
<testsuite xmlns:xsi="http://www.w3.org/2001/XMLSchema-instance" xsi:noNamespaceSchemaLocation="https://maven.apache.org/surefire/maven-surefire-plugin/xsd/surefire-test-report.xsd" version="3.0.2" name="com.gdxsoft.easyweb.utils.fileConvert.Html2PdfByChromeTest" time="16.954" tests="8" errors="0" skipped="0" failures="0">
  <properties>
[...]
</properties>
  <testcase name="testConvertHtmlToPdf" classname="testConvertHtmlToPdf()" time="2.902">
    <system-err><![CDATA[6月 27, 2026 4:01:40 下午 com.gdxsoft.easyweb.utils.fileConvert.Html2PdfByChrome findExistingBrowser
信息: Found browser: /Applications/Google Chrome.app/Contents/MacOS/Google Chrome
6月 27, 2026 4:01:40 下午 com.gdxsoft.easyweb.utils.fileConvert.Html2PdfByChrome getOrCreateUserDataDir
信息: Created shared user-data-dir (0ms): /var/folders/qc/18ckd6wn3c949_y7rbw9f6vr0000gn/T/ewa-chrome-2807628267714302913
6月 27, 2026 4:01:40 下午 com.gdxsoft.easyweb.utils.fileConvert.Html2PdfByChrome runCvt
信息: Chrome convert start: /Applications/Google Chrome.app/Contents/MacOS/Google Chrome --headless=new --disable-gpu --disable-extensions --user-data-dir=/var/folders/qc/18ckd6wn3c949_y7rbw9f6vr0000gn/T/ewa-chrome-2807628267714302913 --print-to-pdf=/var/folders/qc/18ckd6wn3c949_y7rbw9f6vr0000gn/T/junit6286921673792326750/basic.pdf file:///var/folders/qc/18ckd6wn3c949_y7rbw9f6vr0000gn/T/junit6286921673792326750/basic.html
6月 27, 2026 4:01:42 下午 com.gdxsoft.easyweb.utils.fileConvert.Html2PdfByChrome runCvt
信息: Chrome convert completed (2899ms): 31328 bytes written to file /var/folders/qc/18ckd6wn3c949_y7rbw9f6vr0000gn/T/junit6286921673792326750/basic.pdf
]]></system-err>
  </testcase>
  <testcase name="testConvertWithCss" classname="testConvertWithCss()" time="1.576">
    <system-err><![CDATA[6月 27, 2026 4:01:42 下午 com.gdxsoft.easyweb.utils.fileConvert.Html2PdfByChrome runCvt
信息: Chrome convert start: /Applications/Google Chrome.app/Contents/MacOS/Google Chrome --headless=new --disable-gpu --disable-extensions --user-data-dir=/var/folders/qc/18ckd6wn3c949_y7rbw9f6vr0000gn/T/ewa-chrome-2807628267714302913 --print-to-pdf=/var/folders/qc/18ckd6wn3c949_y7rbw9f6vr0000gn/T/junit6286921673792326750/styled.pdf file:///var/folders/qc/18ckd6wn3c949_y7rbw9f6vr0000gn/T/junit6286921673792326750/styled.html
6月 27, 2026 4:01:44 下午 com.gdxsoft.easyweb.utils.fileConvert.Html2PdfByChrome runCvt
信息: Chrome convert completed (1574ms): 27246 bytes written to file /var/folders/qc/18ckd6wn3c949_y7rbw9f6vr0000gn/T/junit6286921673792326750/styled.pdf
]]></system-err>
  </testcase>
  <testcase name="testConvertNoHeaderFooter" classname="testConvertNoHeaderFooter()" time="1.52">
    <system-err><![CDATA[6月 27, 2026 4:01:44 下午 com.gdxsoft.easyweb.utils.fileConvert.Html2PdfByChrome runCvt
信息: Chrome convert start: /Applications/Google Chrome.app/Contents/MacOS/Google Chrome --headless=new --disable-gpu --disable-extensions --no-pdf-header-footer --user-data-dir=/var/folders/qc/18ckd6wn3c949_y7rbw9f6vr0000gn/T/ewa-chrome-2807628267714302913 --print-to-pdf=/var/folders/qc/18ckd6wn3c949_y7rbw9f6vr0000gn/T/junit6286921673792326750/noheader.pdf file:///var/folders/qc/18ckd6wn3c949_y7rbw9f6vr0000gn/T/junit6286921673792326750/noheader.html
6月 27, 2026 4:01:46 下午 com.gdxsoft.easyweb.utils.fileConvert.Html2PdfByChrome runCvt
信息: Chrome convert completed (1518ms): 6142 bytes written to file /var/folders/qc/18ckd6wn3c949_y7rbw9f6vr0000gn/T/junit6286921673792326750/noheader.pdf
]]></system-err>
  </testcase>
  <testcase name="testConvertDataUrl" classname="testConvertDataUrl()" time="1.503">
    <system-err><![CDATA[6月 27, 2026 4:01:46 下午 com.gdxsoft.easyweb.utils.fileConvert.Html2PdfByChrome runCvt
信息: Chrome convert start: /Applications/Google Chrome.app/Contents/MacOS/Google Chrome --headless=new --disable-gpu --disable-extensions --user-data-dir=/var/folders/qc/18ckd6wn3c949_y7rbw9f6vr0000gn/T/ewa-chrome-2807628267714302913 --print-to-pdf=/var/folders/qc/18ckd6wn3c949_y7rbw9f6vr0000gn/T/junit6286921673792326750/dataurl.pdf data:text/html,<h1>Data URI Test</h1>
6月 27, 2026 4:01:47 下午 com.gdxsoft.easyweb.utils.fileConvert.Html2PdfByChrome runCvt
信息: Chrome convert completed (1501ms): 16988 bytes written to file /var/folders/qc/18ckd6wn3c949_y7rbw9f6vr0000gn/T/junit6286921673792326750/dataurl.pdf
]]></system-err>
  </testcase>
  <testcase name="testConvertWithEdge" classname="testConvertWithEdge()" time="6.232">
    <system-err><![CDATA[6月 27, 2026 4:01:47 下午 com.gdxsoft.easyweb.utils.fileConvert.Html2PdfByChrome runCvt
信息: Chrome convert start: /Applications/Microsoft Edge.app/Contents/MacOS/Microsoft Edge --headless=new --disable-gpu --disable-extensions --user-data-dir=/var/folders/qc/18ckd6wn3c949_y7rbw9f6vr0000gn/T/ewa-chrome-2807628267714302913 --print-to-pdf=/var/folders/qc/18ckd6wn3c949_y7rbw9f6vr0000gn/T/junit6286921673792326750/edge.pdf file:///var/folders/qc/18ckd6wn3c949_y7rbw9f6vr0000gn/T/junit6286921673792326750/edge.html
6月 27, 2026 4:01:53 下午 com.gdxsoft.easyweb.utils.fileConvert.Html2PdfByChrome runCvt
信息: Chrome convert completed (6227ms): 20147 bytes written to file /var/folders/qc/18ckd6wn3c949_y7rbw9f6vr0000gn/T/junit6286921673792326750/edge.pdf
]]></system-err>
  </testcase>
  <testcase name="testConvertStringPathOverload" classname="testConvertStringPathOverload()" time="1.567">
    <system-err><![CDATA[6月 27, 2026 4:01:53 下午 com.gdxsoft.easyweb.utils.fileConvert.Html2PdfByChrome runCvt
信息: Chrome convert start: /Applications/Google Chrome.app/Contents/MacOS/Google Chrome --headless=new --disable-gpu --disable-extensions --user-data-dir=/var/folders/qc/18ckd6wn3c949_y7rbw9f6vr0000gn/T/ewa-chrome-2807628267714302913 --print-to-pdf=/var/folders/qc/18ckd6wn3c949_y7rbw9f6vr0000gn/T/junit6286921673792326750/strpath.pdf file:///var/folders/qc/18ckd6wn3c949_y7rbw9f6vr0000gn/T/junit6286921673792326750/strpath.html
6月 27, 2026 4:01:55 下午 com.gdxsoft.easyweb.utils.fileConvert.Html2PdfByChrome runCvt
信息: Chrome convert completed (1564ms): [30957:13377224:0627/160154.607683:ERROR:components/signin/public/webdata/token_service_table.cc:246] Failed to decrypt token for service AccountId-82e1243186dd121f
22134 bytes written to file /var/folders/qc/18ckd6wn3c949_y7rbw9f6vr0000gn/T/junit6286921673792326750/strpath.pdf
]]></system-err>
  </testcase>
  <testcase name="testConvertNonExistentHtml" classname="testConvertNonExistentHtml()" time="1.631">
    <system-err><![CDATA[6月 27, 2026 4:01:55 下午 com.gdxsoft.easyweb.utils.fileConvert.Html2PdfByChrome runCvt
信息: Chrome convert start: /Applications/Google Chrome.app/Contents/MacOS/Google Chrome --headless=new --disable-gpu --disable-extensions --user-data-dir=/var/folders/qc/18ckd6wn3c949_y7rbw9f6vr0000gn/T/ewa-chrome-2807628267714302913 --print-to-pdf=/var/folders/qc/18ckd6wn3c949_y7rbw9f6vr0000gn/T/junit6286921673792326750/fail_input.pdf file:///var/folders/qc/18ckd6wn3c949_y7rbw9f6vr0000gn/T/junit6286921673792326750/nonexistent.html
6月 27, 2026 4:01:56 下午 com.gdxsoft.easyweb.utils.fileConvert.Html2PdfByChrome runCvt
信息: Chrome convert completed (1628ms): [30973:13377450:0627/160156.127310:ERROR:components/signin/public/webdata/token_service_table.cc:246] Failed to decrypt token for service AccountId-82e1243186dd121f
69402 bytes written to file /var/folders/qc/18ckd6wn3c949_y7rbw9f6vr0000gn/T/junit6286921673792326750/fail_input.pdf
]]></system-err>
  </testcase>
  <testcase name="testConvertWithInvalidBrowserCmd" classname="testConvertWithInvalidBrowserCmd()" time="0.005">
    <system-err><![CDATA[6月 27, 2026 4:01:56 下午 com.gdxsoft.easyweb.utils.fileConvert.Html2PdfByChrome runCvt
信息: Chrome convert start: /nonexistent/browser --headless=new --disable-gpu --disable-extensions --user-data-dir=/var/folders/qc/18ckd6wn3c949_y7rbw9f6vr0000gn/T/ewa-chrome-2807628267714302913 --print-to-pdf=/var/folders/qc/18ckd6wn3c949_y7rbw9f6vr0000gn/T/junit6286921673792326750/fail_cmd.pdf file:///var/folders/qc/18ckd6wn3c949_y7rbw9f6vr0000gn/T/junit6286921673792326750/fail.html
6月 27, 2026 4:01:56 下午 com.gdxsoft.easyweb.utils.fileConvert.Html2PdfByChrome runCvt
严重: Chrome conversion failed (2ms)
java.io.IOException: Cannot run program "/nonexistent/browser": error=2, No such file or directory
	at java.base/java.lang.ProcessBuilder.start(ProcessBuilder.java:1170)
	at java.base/java.lang.ProcessBuilder.start(ProcessBuilder.java:1089)
	at com.gdxsoft.easyweb.utils.fileConvert.Html2PdfByChrome.runCvt(Html2PdfByChrome.java:231)
	at com.gdxsoft.easyweb.utils.fileConvert.Html2PdfByChrome.convert2PDF(Html2PdfByChrome.java:66)
	at com.gdxsoft.easyweb.utils.fileConvert.Html2PdfByChromeTest.testConvertWithInvalidBrowserCmd(Html2PdfByChromeTest.java:192)
	at java.base/jdk.internal.reflect.DirectMethodHandleAccessor.invoke(DirectMethodHandleAccessor.java:103)
	at java.base/java.lang.reflect.Method.invoke(Method.java:580)
	at org.junit.platform.commons.util.ReflectionUtils.invokeMethod(ReflectionUtils.java:688)
	at org.junit.jupiter.engine.execution.MethodInvocation.proceed(MethodInvocation.java:60)
	at org.junit.jupiter.engine.execution.InvocationInterceptorChain$ValidatingInvocation.proceed(InvocationInterceptorChain.java:131)
	at org.junit.jupiter.engine.extension.TimeoutExtension.intercept(TimeoutExtension.java:149)
	at org.junit.jupiter.engine.extension.TimeoutExtension.interceptTestableMethod(TimeoutExtension.java:140)
	at org.junit.jupiter.engine.extension.TimeoutExtension.interceptTestMethod(TimeoutExtension.java:84)
	at org.junit.jupiter.engine.execution.ExecutableInvoker$ReflectiveInterceptorCall.lambda$ofVoidMethod$0(ExecutableInvoker.java:115)
	at org.junit.jupiter.engine.execution.ExecutableInvoker.lambda$invoke$0(ExecutableInvoker.java:105)
	at org.junit.jupiter.engine.execution.InvocationInterceptorChain$InterceptedInvocation.proceed(InvocationInterceptorChain.java:106)
	at org.junit.jupiter.engine.execution.InvocationInterceptorChain.proceed(InvocationInterceptorChain.java:64)
	at org.junit.jupiter.engine.execution.InvocationInterceptorChain.chainAndInvoke(InvocationInterceptorChain.java:45)
	at org.junit.jupiter.engine.execution.InvocationInterceptorChain.invoke(InvocationInterceptorChain.java:37)
	at org.junit.jupiter.engine.execution.ExecutableInvoker.invoke(ExecutableInvoker.java:104)
	at org.junit.jupiter.engine.execution.ExecutableInvoker.invoke(ExecutableInvoker.java:98)
	at org.junit.jupiter.engine.descriptor.TestMethodTestDescriptor.lambda$invokeTestMethod$6(TestMethodTestDescriptor.java:210)
	at org.junit.platform.engine.support.hierarchical.ThrowableCollector.execute(ThrowableCollector.java:73)
	at org.junit.jupiter.engine.descriptor.TestMethodTestDescriptor.invokeTestMethod(TestMethodTestDescriptor.java:206)
	at org.junit.jupiter.engine.descriptor.TestMethodTestDescriptor.execute(TestMethodTestDescriptor.java:131)
	at org.junit.jupiter.engine.descriptor.TestMethodTestDescriptor.execute(TestMethodTestDescriptor.java:65)
	at org.junit.platform.engine.support.hierarchical.NodeTestTask.lambda$executeRecursively$5(NodeTestTask.java:139)
	at org.junit.platform.engine.support.hierarchical.ThrowableCollector.execute(ThrowableCollector.java:73)
	at org.junit.platform.engine.support.hierarchical.NodeTestTask.lambda$executeRecursively$7(NodeTestTask.java:129)
	at org.junit.platform.engine.support.hierarchical.Node.around(Node.java:137)
	at org.junit.platform.engine.support.hierarchical.NodeTestTask.lambda$executeRecursively$8(NodeTestTask.java:127)
	at org.junit.platform.engine.support.hierarchical.ThrowableCollector.execute(ThrowableCollector.java:73)
	at org.junit.platform.engine.support.hierarchical.NodeTestTask.executeRecursively(NodeTestTask.java:126)
	at org.junit.platform.engine.support.hierarchical.NodeTestTask.execute(NodeTestTask.java:84)
	at java.base/java.util.ArrayList.forEach(ArrayList.java:1596)
	at org.junit.platform.engine.support.hierarchical.SameThreadHierarchicalTestExecutorService.invokeAll(SameThreadHierarchicalTestExecutorService.java:38)
	at org.junit.platform.engine.support.hierarchical.NodeTestTask.lambda$executeRecursively$5(NodeTestTask.java:143)
	at org.junit.platform.engine.support.hierarchical.ThrowableCollector.execute(ThrowableCollector.java:73)
	at org.junit.platform.engine.support.hierarchical.NodeTestTask.lambda$executeRecursively$7(NodeTestTask.java:129)
	at org.junit.platform.engine.support.hierarchical.Node.around(Node.java:137)
	at org.junit.platform.engine.support.hierarchical.NodeTestTask.lambda$executeRecursively$8(NodeTestTask.java:127)
	at org.junit.platform.engine.support.hierarchical.ThrowableCollector.execute(ThrowableCollector.java:73)
	at org.junit.platform.engine.support.hierarchical.NodeTestTask.executeRecursively(NodeTestTask.java:126)
	at org.junit.platform.engine.support.hierarchical.NodeTestTask.execute(NodeTestTask.java:84)
	at java.base/java.util.ArrayList.forEach(ArrayList.java:1596)
	at org.junit.platform.engine.support.hierarchical.SameThreadHierarchicalTestExecutorService.invokeAll(SameThreadHierarchicalTestExecutorService.java:38)
	at org.junit.platform.engine.support.hierarchical.NodeTestTask.lambda$executeRecursively$5(NodeTestTask.java:143)
	at org.junit.platform.engine.support.hierarchical.ThrowableCollector.execute(ThrowableCollector.java:73)
	at org.junit.platform.engine.support.hierarchical.NodeTestTask.lambda$executeRecursively$7(NodeTestTask.java:129)
	at org.junit.platform.engine.support.hierarchical.Node.around(Node.java:137)
	at org.junit.platform.engine.support.hierarchical.NodeTestTask.lambda$executeRecursively$8(NodeTestTask.java:127)
	at org.junit.platform.engine.support.hierarchical.ThrowableCollector.execute(ThrowableCollector.java:73)
	at org.junit.platform.engine.support.hierarchical.NodeTestTask.executeRecursively(NodeTestTask.java:126)
	at org.junit.platform.engine.support.hierarchical.NodeTestTask.execute(NodeTestTask.java:84)
	at org.junit.platform.engine.support.hierarchical.SameThreadHierarchicalTestExecutorService.submit(SameThreadHierarchicalTestExecutorService.java:32)
	at org.junit.platform.engine.support.hierarchical.HierarchicalTestExecutor.execute(HierarchicalTestExecutor.java:57)
	at org.junit.platform.engine.support.hierarchical.HierarchicalTestEngine.execute(HierarchicalTestEngine.java:51)
	at org.junit.platform.launcher.core.EngineExecutionOrchestrator.execute(EngineExecutionOrchestrator.java:108)
	at org.junit.platform.launcher.core.EngineExecutionOrchestrator.execute(EngineExecutionOrchestrator.java:88)
	at org.junit.platform.launcher.core.EngineExecutionOrchestrator.lambda$execute$0(EngineExecutionOrchestrator.java:54)
	at org.junit.platform.launcher.core.EngineExecutionOrchestrator.withInterceptedStreams(EngineExecutionOrchestrator.java:67)
	at org.junit.platform.launcher.core.EngineExecutionOrchestrator.execute(EngineExecutionOrchestrator.java:52)
	at org.junit.platform.launcher.core.DefaultLauncher.execute(DefaultLauncher.java:96)
	at org.junit.platform.launcher.core.DefaultLauncher.execute(DefaultLauncher.java:75)
	at org.apache.maven.surefire.junitplatform.LauncherAdapter.executeWithoutCancellationToken(LauncherAdapter.java:60)
	at org.apache.maven.surefire.junitplatform.LauncherAdapter.execute(LauncherAdapter.java:52)
	at org.apache.maven.surefire.junitplatform.JUnitPlatformProvider.execute(JUnitPlatformProvider.java:203)
	at org.apache.maven.surefire.junitplatform.JUnitPlatformProvider.invokeAllTests(JUnitPlatformProvider.java:168)
	at org.apache.maven.surefire.junitplatform.JUnitPlatformProvider.invoke(JUnitPlatformProvider.java:136)
	at org.apache.maven.surefire.booter.ForkedBooter.runSuitesInProcess(ForkedBooter.java:385)
	at org.apache.maven.surefire.booter.ForkedBooter.execute(ForkedBooter.java:162)
	at org.apache.maven.surefire.booter.ForkedBooter.run(ForkedBooter.java:507)
	at org.apache.maven.surefire.booter.ForkedBooter.main(ForkedBooter.java:495)
Caused by: java.io.IOException: error=2, No such file or directory
	at java.base/java.lang.ProcessImpl.forkAndExec(Native Method)
	at java.base/java.lang.ProcessImpl.<init>(ProcessImpl.java:295)
	at java.base/java.lang.ProcessImpl.start(ProcessImpl.java:225)
	at java.base/java.lang.ProcessBuilder.start(ProcessBuilder.java:1126)
	... 72 more

]]></system-err>
  </testcase>
</testsuite>